e:\3 prgstudy\mvrpplus\mvrpplus\x64\release\mvrpplus.pch
e:\3 prgstudy\mvrpplus\mvrpplus\x64\release\vc120.pdb
e:\3 prgstudy\mvrpplus\mvrpplus\x64\release\stdafx.obj
e:\3 prgstudy\mvrpplus\mvrpplus\x64\release\mvrpplus.obj
e:\3 prgstudy\mvrpplus_group\mvrpplus\x64\release\mvrpplus.pch
e:\3 prgstudy\mvrpplus_group\mvrpplus\x64\release\vc120.pdb
e:\3 prgstudy\mvrpplus_group\mvrpplus\x64\release\stdafx.obj
e:\3 prgstudy\mvrpplus_group\mvrpplus\x64\release\mvrpplus.obj
e:\3 prgstudy\mvrpplus\x64\release\mvrpplus.exe
e:\3 prgstudy\mvrpplus\x64\release\mvrpplus.pdb
e:\3 prgstudy\mvrpplus_group\x64\release\mvrpplus.exe
e:\3 prgstudy\mvrpplus_group\x64\release\mvrpplus.pdb
e:\3 prgstudy\mvrpplus\mvrpplus\x64\release\mvrpplus.res
e:\3 prgstudy\mvrpplus_group\mvrpplus\x64\release\mvrpplus.res
e:\3 prgstudy\mvrpplus_group\mvrpplus\x64\release\agentplus.obj
e:\3 prgstudy\mvrpplus_group\mvrpplus\x64\release\agentplus.pch
e:\3 prgstudy\mvrpplus_group\mvrpplus\x64\release\mvrpplus.tlog\cl.command.1.tlog
e:\3 prgstudy\mvrpplus_group\mvrpplus\x64\release\mvrpplus.tlog\cl.read.1.tlog
e:\3 prgstudy\mvrpplus_group\mvrpplus\x64\release\mvrpplus.tlog\cl.write.1.tlog
e:\3 prgstudy\mvrpplus_group\mvrpplus\x64\release\mvrpplus.tlog\link.command.1.tlog
e:\3 prgstudy\mvrpplus_group\mvrpplus\x64\release\mvrpplus.tlog\link.read.1.tlog
e:\3 prgstudy\mvrpplus_group\mvrpplus\x64\release\mvrpplus.tlog\link.write.1.tlog
e:\3 prgstudy\mvrpplus_group\mvrpplus\x64\release\mvrpplus.tlog\rc.command.1.tlog
e:\3 prgstudy\mvrpplus_group\mvrpplus\x64\release\mvrpplus.tlog\rc.read.1.tlog
e:\3 prgstudy\mvrpplus_group\mvrpplus\x64\release\mvrpplus.tlog\rc.write.1.tlog
