生成启动时间为 2016/5/29 16:45:54。
     1>项目“E:\3 PrgStudy\MvrpPlus_Init\MvrpInit\MvrpInit\MvrpInit.vcxproj”在节点 2 上(Build 个目标)。
     1>ClCompile:
         C:\Program Files (x86)\Microsoft Visual Studio 12.0\VC\bin\x86_amd64\CL.exe /c /Zi /nologo /W3 /WX- /sdl /Od /D WIN32 /D _CRT_SECURE_NO_DEPRECATE /Gm /EHsc /RTC1 /MT /GS /fp:precise /Zc:wchar_t /Zc:forScope /Yu"stdafx.h" /Fp"x64\Debug\MvrpInit.pch" /Fo"x64\Debug\\" /Fd"x64\Debug\vc120.pdb" /Gd /TP /errorReport:prompt MvrpInit.cpp
         MvrpInit.cpp
     1>MvrpInit.cpp(11): warning C4603: “new”: 未定义宏或在预编译头使用后定义发生改变
                 将宏添加到预编译头中，而不是在此处定义
                 MvrpInit.cpp(14) : 使用预编译头
     1>e:\3 prgstudy\mvrpplus_init\mvrpinit\mvrpinit\MvrpInit.h(48): warning C4244: “=”: 从“int”转换到“float”，可能丢失数据
                 MvrpInit.cpp(680): 参见对正在编译的函数 模板 实例化“T **AllocateDynamicArray<float>(int,int,int)”的引用
                 with
                 [
                     T=float
                 ]
       Link:
         C:\Program Files (x86)\Microsoft Visual Studio 12.0\VC\bin\x86_amd64\link.exe /ERRORREPORT:PROMPT /OUT:"E:\3 PrgStudy\MvrpPlus_Init\MvrpInit\x64\Debug\MvrpInit.exe" /INCREMENTAL /NOLOGO kernel32.lib user32.lib gdi32.lib winspool.lib comdlg32.lib advapi32.lib shell32.lib ole32.lib oleaut32.lib uuid.lib odbc32.lib odbccp32.lib /MANIFEST /MANIFESTUAC:"level='asInvoker' uiAccess='false'" /manifest:embed /DEBUG /PDB:"E:\3 PrgStudy\MvrpPlus_Init\MvrpInit\x64\Debug\MvrpInit.pdb" /SUBSYSTEM:CONSOLE /TLBID:1 /DYNAMICBASE /NXCOMPAT /IMPLIB:"E:\3 PrgStudy\MvrpPlus_Init\MvrpInit\x64\Debug\MvrpInit.lib" /MACHINE:X64 x64\Debug\MvrpInit.obj
         x64\Debug\stdafx.obj
         MvrpInit.vcxproj -> E:\3 PrgStudy\MvrpPlus_Init\MvrpInit\x64\Debug\MvrpInit.exe
     1>已完成生成项目“E:\3 PrgStudy\MvrpPlus_Init\MvrpInit\MvrpInit\MvrpInit.vcxproj”(Build 个目标)的操作。

生成成功。

已用时间 00:00:00.97
